Starting job 18845009 on hugemem-[2-3] at Wed Jan 31 17:09:28 CET 2024

── Attaching packages ─────────────────────────────────────── tidyverse 1.3.0 ──
✔ ggplot2 3.3.0     ✔ purrr   0.3.4
✔ tibble  3.0.1     ✔ dplyr   0.8.5
✔ tidyr   1.0.2     ✔ stringr 1.4.0
✔ readr   1.3.1     ✔ forcats 0.5.0
── Conflicts ────────────────────────────────────────── tidyverse_conflicts() ──
✖ dplyr::filter() masks stats::filter()
✖ dplyr::lag()    masks stats::lag()

Attaching package: ‘data.table’

The following objects are masked from ‘package:dplyr’:

    between, first, last

The following object is masked from ‘package:purrr’:

    transpose

[1] "mor"
           [,1]       [,2]
[1,] -26.673531 -27.640492
[2,]   5.138681   4.576487
[1] "far"
           [,1]       [,2]
[1,] -29.438158 -30.072808
[2,]   5.584065   4.904918

Task and CPU usage stats:
JobID           JobName  AllocCPUS   NTasks     MinCPU MinCPUTask     AveCPU    Elapsed ExitCode 
------------ ---------- ---------- -------- ---------- ---------- ---------- ---------- -------- 
18845009         age_fb          8                                             00:05:22      0:0 
18845009.ba+      batch          4        1   00:05:34          0   00:05:34   00:05:22      0:0 
18845009.ex+     extern          8        2   00:00:00          1   00:00:00   00:05:22      0:0 

Memory usage stats:
JobID            MaxRSS MaxRSSTask     AveRSS MaxPages   MaxPagesTask   AvePages 
------------ ---------- ---------- ---------- -------- -------------- ---------- 
18845009                                                                         
18845009.ba+   3881772K          0   3881772K        0              0          0 
18845009.ex+          0          1          0        0              1          0 

Disk usage stats:
JobID         MaxDiskRead MaxDiskReadTask    AveDiskRead MaxDiskWrite MaxDiskWriteTask   AveDiskWrite 
------------ ------------ --------------- -------------- ------------ ---------------- -------------- 
18845009                                                                                              
18845009.ba+       21.96M               0         21.96M        0.13M                0          0.13M 
18845009.ex+        0.00M               1          0.00M        0.00M                1          0.00M 

Job 18845009 completed at Wed Jan 31 17:14:51 CET 2024
