Starting job 18844864 on hugemem-2 at Wed Jan 31 14:41:39 CET 2024

── Attaching packages ─────────────────────────────────────── tidyverse 1.3.0 ──
✔ ggplot2 3.3.0     ✔ purrr   0.3.4
✔ tibble  3.0.1     ✔ dplyr   0.8.5
✔ tidyr   1.0.2     ✔ stringr 1.4.0
✔ readr   1.3.1     ✔ forcats 0.5.0
── Conflicts ────────────────────────────────────────── tidyverse_conflicts() ──
✖ dplyr::filter() masks stats::filter()
✖ dplyr::lag()    masks stats::lag()

Attaching package: ‘data.table’

The following objects are masked from ‘package:dplyr’:

    between, first, last

The following object is masked from ‘package:purrr’:

    transpose

[1] "pop"
       no partner has partner
male        91930       89121
female     317981      310012
[1] 409911
[1] 399133
[1] "sam"
       no partner has partner
male         9366       12189
female      63650       77172
[1] 73016
[1] 89361

Task and CPU usage stats:
JobID           JobName  AllocCPUS   NTasks     MinCPU MinCPUTask     AveCPU    Elapsed ExitCode 
------------ ---------- ---------- -------- ---------- ---------- ---------- ---------- -------- 
18844864      n_partner          4                                             00:16:44      0:0 
18844864.ba+      batch          4        1   00:17:30          0   00:17:30   00:16:44      0:0 
18844864.ex+     extern          4        1   00:00:00          0   00:00:00   00:16:44      0:0 

Memory usage stats:
JobID            MaxRSS MaxRSSTask     AveRSS MaxPages   MaxPagesTask   AvePages 
------------ ---------- ---------- ---------- -------- -------------- ---------- 
18844864                                                                         
18844864.ba+  53186896K          0  53186896K        0              0          0 
18844864.ex+          0          0          0        0              0          0 

Disk usage stats:
JobID         MaxDiskRead MaxDiskReadTask    AveDiskRead MaxDiskWrite MaxDiskWriteTask   AveDiskWrite 
------------ ------------ --------------- -------------- ------------ ---------------- -------------- 
18844864                                                                                              
18844864.ba+       22.11M               0         22.11M        0.13M                0          0.13M 
18844864.ex+        0.00M               0          0.00M        0.00M                0          0.00M 

Job 18844864 completed at Wed Jan 31 14:58:24 CET 2024
